<?xml version="1.0" encoding="UTF-8"?>
<testng-results skipped="0" failed="1" total="3" passed="2">
  <reporter-output>
  </reporter-output>
  <suite name="Default suite" duration-ms="7130" started-at="2018-01-19T14:18:50Z" finished-at="2018-01-19T14:18:57Z">
    <groups>
    </groups>
    <test name="Default test" duration-ms="7130" started-at="2018-01-19T14:18:50Z" finished-at="2018-01-19T14:18:57Z">
      <class name="com.Interface.InterfaceTest.NewTest">
        <test-method status="PASS" signature="case1()[pri:0, instance:com.Interface.InterfaceTest.NewTest@6eebc39e]" name="case1" duration-ms="6915" started-at="2018-01-19T22:18:50Z" finished-at="2018-01-19T22:18:57Z">
          <reporter-output>
          </reporter-output>
        </test-method> <!-- case1 -->
        <test-method status="PASS" signature="case2()[pri:0, instance:com.Interface.InterfaceTest.NewTest@6eebc39e]" name="case2" duration-ms="179" started-at="2018-01-19T22:18:57Z" finished-at="2018-01-19T22:18:57Z">
          <reporter-output>
          </reporter-output>
        </test-method> <!-- case2 -->
        <test-method status="FAIL" signature="case3()[pri:0, instance:com.Interface.InterfaceTest.NewTest@6eebc39e]" name="case3" duration-ms="4" started-at="2018-01-19T22:18:57Z" finished-at="2018-01-19T22:18:57Z">
          <exception class="net.sf.json.JSONException">
            <message>
              <![CDATA[Unquotted string 'JJ7U']]>
            </message>
            <full-stacktrace>
              <![CDATA[net.sf.json.JSONException: Unquotted string 'JJ7U'
	at net.sf.json.util.JSONTokener.nextValue(JSONTokener.java:432)
	at net.sf.json.JSONObject._fromJSONTokener(JSONObject.java:1008)
	at net.sf.json.JSONObject._fromString(JSONObject.java:1201)
	at net.sf.json.JSONObject.fromObject(JSONObject.java:165)
	at net.sf.json.JSONObject.fromObject(JSONObject.java:134)
	at com.Interface.InterfaceTest.NewTest.case3(NewTest.java:42)
	at sun.reflect.NativeMethodAccessorImpl.invoke0(Native Method)
	at sun.reflect.NativeMethodAccessorImpl.invoke(Unknown Source)
	at sun.reflect.DelegatingMethodAccessorImpl.invoke(Unknown Source)
	at java.lang.reflect.Method.invoke(Unknown Source)
	at org.testng.internal.MethodInvocationHelper.invokeMethod(MethodInvocationHelper.java:86)
	at org.testng.internal.Invoker.invokeMethod(Invoker.java:643)
	at org.testng.internal.Invoker.invokeTestMethod(Invoker.java:820)
	at org.testng.internal.Invoker.invokeTestMethods(Invoker.java:1128)
	at org.testng.internal.TestMethodWorker.invokeTestMethods(TestMethodWorker.java:129)
	at org.testng.internal.TestMethodWorker.run(TestMethodWorker.java:112)
	at org.testng.TestRunner.privateRun(TestRunner.java:782)
	at org.testng.TestRunner.run(TestRunner.java:632)
	at org.testng.SuiteRunner.runTest(SuiteRunner.java:366)
	at org.testng.SuiteRunner.runSequentially(SuiteRunner.java:361)
	at org.testng.SuiteRunner.privateRun(SuiteRunner.java:319)
	at org.testng.SuiteRunner.run(SuiteRunner.java:268)
	at org.testng.SuiteRunnerWorker.runSuite(SuiteRunnerWorker.java:52)
	at org.testng.SuiteRunnerWorker.run(SuiteRunnerWorker.java:86)
	at org.testng.TestNG.runSuitesSequentially(TestNG.java:1244)
	at org.testng.TestNG.runSuitesLocally(TestNG.java:1169)
	at org.testng.TestNG.run(TestNG.java:1064)
	at org.testng.remote.AbstractRemoteTestNG.run(AbstractRemoteTestNG.java:132)
	at org.testng.remote.RemoteTestNG.initAndRun(RemoteTestNG.java:230)
	at org.testng.remote.RemoteTestNG.main(RemoteTestNG.java:76)
]]>
            </full-stacktrace>
          </exception> <!-- net.sf.json.JSONException -->
          <reporter-output>
          </reporter-output>
        </test-method> <!-- case3 -->
      </class> <!-- com.Interface.InterfaceTest.NewTest -->
    </test> <!-- Default test -->
  </suite> <!-- Default suite -->
</testng-results>
