<?xml version="1.0" encoding="UTF-8"?>
<testng-results skipped="0" failed="0" total="2" passed="2">
  <reporter-output>
  </reporter-output>
  <suite name="Default suite" duration-ms="3445" started-at="2017-12-12T11:03:48Z" finished-at="2017-12-12T11:03:52Z">
    <groups>
    </groups>
    <test name="Default test" duration-ms="3445" started-at="2017-12-12T11:03:48Z" finished-at="2017-12-12T11:03:52Z">
      <class name="com.Interface.InterfaceTest.NewTest">
        <test-method status="PASS" signature="case1()[pri:0, instance:com.Interface.InterfaceTest.NewTest@1a968a59]" name="case1" duration-ms="3263" started-at="2017-12-12T19:03:48Z" finished-at="2017-12-12T19:03:51Z">
          <reporter-output>
          </reporter-output>
        </test-method> <!-- case1 -->
        <test-method status="PASS" signature="case2()[pri:0, instance:com.Interface.InterfaceTest.NewTest@1a968a59]" name="case2" duration-ms="156" started-at="2017-12-12T19:03:51Z" finished-at="2017-12-12T19:03:52Z">
          <reporter-output>
          </reporter-output>
        </test-method> <!-- case2 -->
      </class> <!-- com.Interface.InterfaceTest.NewTest -->
    </test> <!-- Default test -->
  </suite> <!-- Default suite -->
</testng-results>
